2022/06/12 08:39:01 main.go:14: test
2022/06/12 09:29:26 users.go:33: sql: converting argument $1 type: unsupported type func() uuid.UUID, a func
2022/06/12 09:35:57 users.go:52: no such column: creates_at
2022/06/12 09:40:43 users.go:61: near "where": syntax error
2022/06/12 09:44:39 users.go:52: sql: no rows in result set
2022/06/12 09:52:09 users.go:52: sql: no rows in result set
2022/06/12 10:26:08 todos.go:51: near "from": syntax error
2022/06/12 10:26:46 todos.go:62: sql: expected 3 destination arguments in Scan, not 4
2022/06/12 10:27:26 todos.go:62: sql: expected 3 destination arguments in Scan, not 4
2022/06/12 10:27:52 todos.go:62: sql: expected 3 destination arguments in Scan, not 4
2022/06/12 11:00:35 todos.go:101: not enough args to execute query: want 3 got 2
2022/06/12 11:00:56 todos.go:101: not enough args to execute query: want 3 got 2
2022/07/09 12:21:39 server.go:3159: http: panic serving [::1]:64443: template: top.html:4: unexpected EOF
goroutine 20 [running]:
net/http.(*conn).serve.func1()
	/usr/local/Cellar/go/1.17/libexec/src/net/http/server.go:1801 +0xb9
panic({0x446c700, 0xc0001a2160})
	/usr/local/Cellar/go/1.17/libexec/src/runtime/panic.go:1047 +0x266
html/template.Must(...)
	/usr/local/Cellar/go/1.17/libexec/src/html/template/template.go:374
todo_app/app/controllers.generateHTML({0x45444f8, 0xc0001c2000}, {0x445d180, 0x453a710}, {0xc0000bfa18, 0x2, 0xc0001c2040})
	/Users/ishiwatahiroshishou/go/src/todo_app/app/controllers/server.go:16 +0xf9
todo_app/app/controllers.top({0x45444f8, 0xc0001c2000}, 0x0)
	/Users/ishiwatahiroshishou/go/src/todo_app/app/controllers/route_main.go:9 +0x76
net/http.HandlerFunc.ServeHTTP(0x0, {0x45444f8, 0xc0001c2000}, 0x0)
	/usr/local/Cellar/go/1.17/libexec/src/net/http/server.go:2046 +0x2f
net/http.(*ServeMux).ServeHTTP(0x0, {0x45444f8, 0xc0001c2000}, 0xc000108100)
	/usr/local/Cellar/go/1.17/libexec/src/net/http/server.go:2424 +0x149
net/http.serverHandler.ServeHTTP({0xc00009b620}, {0x45444f8, 0xc0001c2000}, 0xc000108100)
	/usr/local/Cellar/go/1.17/libexec/src/net/http/server.go:2878 +0x43b
net/http.(*conn).serve(0xc0000b7360, {0x4545dc0, 0xc00009b530})
	/usr/local/Cellar/go/1.17/libexec/src/net/http/server.go:1929 +0xb08
created by net/http.(*Server).Serve
	/usr/local/Cellar/go/1.17/libexec/src/net/http/server.go:3033 +0x4e8
2022/07/09 12:21:39 server.go:3159: http: panic serving [::1]:64444: template: top.html:4: unexpected EOF
goroutine 34 [running]:
net/http.(*conn).serve.func1()
	/usr/local/Cellar/go/1.17/libexec/src/net/http/server.go:1801 +0xb9
panic({0x446c700, 0xc000099150})
	/usr/local/Cellar/go/1.17/libexec/src/runtime/panic.go:1047 +0x266
html/template.Must(...)
	/usr/local/Cellar/go/1.17/libexec/src/html/template/template.go:374
todo_app/app/controllers.generateHTML({0x45444f8, 0xc0001100e0}, {0x445d180, 0x453a710}, {0xc00019aa18, 0x2, 0xc000110120})
	/Users/ishiwatahiroshishou/go/src/todo_app/app/controllers/server.go:16 +0xf9
todo_app/app/controllers.top({0x45444f8, 0xc0001100e0}, 0x0)
	/Users/ishiwatahiroshishou/go/src/todo_app/app/controllers/route_main.go:9 +0x76
net/http.HandlerFunc.ServeHTTP(0x0, {0x45444f8, 0xc0001100e0}, 0x0)
	/usr/local/Cellar/go/1.17/libexec/src/net/http/server.go:2046 +0x2f
net/http.(*ServeMux).ServeHTTP(0x0, {0x45444f8, 0xc0001100e0}, 0xc0001a8000)
	/usr/local/Cellar/go/1.17/libexec/src/net/http/server.go:2424 +0x149
net/http.serverHandler.ServeHTTP({0xc000184090}, {0x45444f8, 0xc0001100e0}, 0xc0001a8000)
	/usr/local/Cellar/go/1.17/libexec/src/net/http/server.go:2878 +0x43b
net/http.(*conn).serve(0xc000188000, {0x4545dc0, 0xc00009b530})
	/usr/local/Cellar/go/1.17/libexec/src/net/http/server.go:1929 +0xb08
created by net/http.(*Server).Serve
	/usr/local/Cellar/go/1.17/libexec/src/net/http/server.go:3033 +0x4e8
2022/07/09 12:21:39 server.go:3159: http: panic serving [::1]:64445: template: top.html:4: unexpected EOF
goroutine 38 [running]:
net/http.(*conn).serve.func1()
	/usr/local/Cellar/go/1.17/libexec/src/net/http/server.go:1801 +0xb9
panic({0x446c700, 0xc000012070})
	/usr/local/Cellar/go/1.17/libexec/src/runtime/panic.go:1047 +0x266
html/template.Must(...)
	/usr/local/Cellar/go/1.17/libexec/src/html/template/template.go:374
todo_app/app/controllers.generateHTML({0x45444f8, 0xc0001101c0}, {0x445d180, 0x453a710}, {0xc00019ba18, 0x2, 0xc000110200})
	/Users/ishiwatahiroshishou/go/src/todo_app/app/controllers/server.go:16 +0xf9
todo_app/app/controllers.top({0x45444f8, 0xc0001101c0}, 0x0)
	/Users/ishiwatahiroshishou/go/src/todo_app/app/controllers/route_main.go:9 +0x76
net/http.HandlerFunc.ServeHTTP(0x0, {0x45444f8, 0xc0001101c0}, 0x0)
	/usr/local/Cellar/go/1.17/libexec/src/net/http/server.go:2046 +0x2f
net/http.(*ServeMux).ServeHTTP(0x0, {0x45444f8, 0xc0001101c0}, 0xc0001a8100)
	/usr/local/Cellar/go/1.17/libexec/src/net/http/server.go:2424 +0x149
net/http.serverHandler.ServeHTTP({0xc000184780}, {0x45444f8, 0xc0001101c0}, 0xc0001a8100)
	/usr/local/Cellar/go/1.17/libexec/src/net/http/server.go:2878 +0x43b
net/http.(*conn).serve(0xc0001880a0, {0x4545dc0, 0xc00009b530})
	/usr/local/Cellar/go/1.17/libexec/src/net/http/server.go:1929 +0xb08
created by net/http.(*Server).Serve
	/usr/local/Cellar/go/1.17/libexec/src/net/http/server.go:3033 +0x4e8
2022/07/09 12:21:40 server.go:3159: http: panic serving [::1]:64446: template: top.html:4: unexpected EOF
goroutine 39 [running]:
net/http.(*conn).serve.func1()
	/usr/local/Cellar/go/1.17/libexec/src/net/http/server.go:1801 +0xb9
panic({0x446c700, 0xc0001a22a0})
	/usr/local/Cellar/go/1.17/libexec/src/runtime/panic.go:1047 +0x266
html/template.Must(...)
	/usr/local/Cellar/go/1.17/libexec/src/html/template/template.go:374
todo_app/app/controllers.generateHTML({0x45444f8, 0xc00021c000}, {0x445d180, 0x453a710}, {0xc000057a18, 0x2, 0xc00021c040})
	/Users/ishiwatahiroshishou/go/src/todo_app/app/controllers/server.go:16 +0xf9
todo_app/app/controllers.top({0x45444f8, 0xc00021c000}, 0x0)
	/Users/ishiwatahiroshishou/go/src/todo_app/app/controllers/route_main.go:9 +0x76
net/http.HandlerFunc.ServeHTTP(0x0, {0x45444f8, 0xc00021c000}, 0x0)
	/usr/local/Cellar/go/1.17/libexec/src/net/http/server.go:2046 +0x2f
net/http.(*ServeMux).ServeHTTP(0x0, {0x45444f8, 0xc00021c000}, 0xc000210000)
	/usr/local/Cellar/go/1.17/libexec/src/net/http/server.go:2424 +0x149
net/http.serverHandler.ServeHTTP({0xc000078150}, {0x45444f8, 0xc00021c000}, 0xc000210000)
	/usr/local/Cellar/go/1.17/libexec/src/net/http/server.go:2878 +0x43b
net/http.(*conn).serve(0xc000188140, {0x4545dc0, 0xc00009b530})
	/usr/local/Cellar/go/1.17/libexec/src/net/http/server.go:1929 +0xb08
created by net/http.(*Server).Serve
	/usr/local/Cellar/go/1.17/libexec/src/net/http/server.go:3033 +0x4e8
2022/07/09 12:21:40 server.go:3159: http: panic serving [::1]:64447: template: top.html:4: unexpected EOF
goroutine 40 [running]:
net/http.(*conn).serve.func1()
	/usr/local/Cellar/go/1.17/libexec/src/net/http/server.go:1801 +0xb9
panic({0x446c700, 0xc000012240})
	/usr/local/Cellar/go/1.17/libexec/src/runtime/panic.go:1047 +0x266
html/template.Must(...)
	/usr/local/Cellar/go/1.17/libexec/src/html/template/template.go:374
todo_app/app/controllers.generateHTML({0x45444f8, 0xc00021c0e0}, {0x445d180, 0x453a710}, {0xc00019ca18, 0x2, 0xc00021c120})
	/Users/ishiwatahiroshishou/go/src/todo_app/app/controllers/server.go:16 +0xf9
todo_app/app/controllers.top({0x45444f8, 0xc00021c0e0}, 0x0)
	/Users/ishiwatahiroshishou/go/src/todo_app/app/controllers/route_main.go:9 +0x76
net/http.HandlerFunc.ServeHTTP(0x0, {0x45444f8, 0xc00021c0e0}, 0x0)
	/usr/local/Cellar/go/1.17/libexec/src/net/http/server.go:2046 +0x2f
net/http.(*ServeMux).ServeHTTP(0x0, {0x45444f8, 0xc00021c0e0}, 0xc0001a8200)
	/usr/local/Cellar/go/1.17/libexec/src/net/http/server.go:2424 +0x149
net/http.serverHandler.ServeHTTP({0xc0001848a0}, {0x45444f8, 0xc00021c0e0}, 0xc0001a8200)
	/usr/local/Cellar/go/1.17/libexec/src/net/http/server.go:2878 +0x43b
net/http.(*conn).serve(0xc0001881e0, {0x4545dc0, 0xc00009b530})
	/usr/local/Cellar/go/1.17/libexec/src/net/http/server.go:1929 +0xb08
created by net/http.(*Server).Serve
	/usr/local/Cellar/go/1.17/libexec/src/net/http/server.go:3033 +0x4e8
2022/07/09 12:21:40 server.go:3159: http: panic serving [::1]:64448: template: top.html:4: unexpected EOF
goroutine 27 [running]:
net/http.(*conn).serve.func1()
	/usr/local/Cellar/go/1.17/libexec/src/net/http/server.go:1801 +0xb9
panic({0x446c700, 0xc0001a2370})
	/usr/local/Cellar/go/1.17/libexec/src/runtime/panic.go:1047 +0x266
html/template.Must(...)
	/usr/local/Cellar/go/1.17/libexec/src/html/template/template.go:374
todo_app/app/controllers.generateHTML({0x45444f8, 0xc0001102a0}, {0x445d180, 0x453a710}, {0xc00019ba18, 0x2, 0xc0001102e0})
	/Users/ishiwatahiroshishou/go/src/todo_app/app/controllers/server.go:16 +0xf9
todo_app/app/controllers.top({0x45444f8, 0xc0001102a0}, 0x0)
	/Users/ishiwatahiroshishou/go/src/todo_app/app/controllers/route_main.go:9 +0x76
net/http.HandlerFunc.ServeHTTP(0x0, {0x45444f8, 0xc0001102a0}, 0x0)
	/usr/local/Cellar/go/1.17/libexec/src/net/http/server.go:2046 +0x2f
net/http.(*ServeMux).ServeHTTP(0x0, {0x45444f8, 0xc0001102a0}, 0xc000108200)
	/usr/local/Cellar/go/1.17/libexec/src/net/http/server.go:2424 +0x149
net/http.serverHandler.ServeHTTP({0xc000140270}, {0x45444f8, 0xc0001102a0}, 0xc000108200)
	/usr/local/Cellar/go/1.17/libexec/src/net/http/server.go:2878 +0x43b
net/http.(*conn).serve(0xc0000b7400, {0x4545dc0, 0xc00009b530})
	/usr/local/Cellar/go/1.17/libexec/src/net/http/server.go:1929 +0xb08
created by net/http.(*Server).Serve
	/usr/local/Cellar/go/1.17/libexec/src/net/http/server.go:3033 +0x4e8
2022/07/09 12:21:40 server.go:3159: http: panic serving [::1]:64449: template: top.html:4: unexpected EOF
goroutine 9 [running]:
net/http.(*conn).serve.func1()
	/usr/local/Cellar/go/1.17/libexec/src/net/http/server.go:1801 +0xb9
panic({0x446c700, 0xc000099430})
	/usr/local/Cellar/go/1.17/libexec/src/runtime/panic.go:1047 +0x266
html/template.Must(...)
	/usr/local/Cellar/go/1.17/libexec/src/html/template/template.go:374
todo_app/app/controllers.generateHTML({0x45444f8, 0xc0001c20e0}, {0x445d180, 0x453a710}, {0xc000058a18, 0x2, 0xc0001c2120})
	/Users/ishiwatahiroshishou/go/src/todo_app/app/controllers/server.go:16 +0xf9
todo_app/app/controllers.top({0x45444f8, 0xc0001c20e0}, 0x0)
	/Users/ishiwatahiroshishou/go/src/todo_app/app/controllers/route_main.go:9 +0x76
net/http.HandlerFunc.ServeHTTP(0x0, {0x45444f8, 0xc0001c20e0}, 0x0)
	/usr/local/Cellar/go/1.17/libexec/src/net/http/server.go:2046 +0x2f
net/http.(*ServeMux).ServeHTTP(0x0, {0x45444f8, 0xc0001c20e0}, 0xc000210200)
	/usr/local/Cellar/go/1.17/libexec/src/net/http/server.go:2424 +0x149
net/http.serverHandler.ServeHTTP({0xc0000789c0}, {0x45444f8, 0xc0001c20e0}, 0xc000210200)
	/usr/local/Cellar/go/1.17/libexec/src/net/http/server.go:2878 +0x43b
net/http.(*conn).serve(0xc000242000, {0x4545dc0, 0xc00009b530})
	/usr/local/Cellar/go/1.17/libexec/src/net/http/server.go:1929 +0xb08
created by net/http.(*Server).Serve
	/usr/local/Cellar/go/1.17/libexec/src/net/http/server.go:3033 +0x4e8
2022/07/09 12:21:40 server.go:3159: http: panic serving [::1]:64450: template: top.html:4: unexpected EOF
goroutine 10 [running]:
net/http.(*conn).serve.func1()
	/usr/local/Cellar/go/1.17/libexec/src/net/http/server.go:1801 +0xb9
panic({0x446c700, 0xc0001a2530})
	/usr/local/Cellar/go/1.17/libexec/src/runtime/panic.go:1047 +0x266
html/template.Must(...)
	/usr/local/Cellar/go/1.17/libexec/src/html/template/template.go:374
todo_app/app/controllers.generateHTML({0x45444f8, 0xc0001c21c0}, {0x445d180, 0x453a710}, {0xc00019ca18, 0x2, 0xc0001c2200})
	/Users/ishiwatahiroshishou/go/src/todo_app/app/controllers/server.go:16 +0xf9
todo_app/app/controllers.top({0x45444f8, 0xc0001c21c0}, 0x0)
	/Users/ishiwatahiroshishou/go/src/todo_app/app/controllers/route_main.go:9 +0x76
net/http.HandlerFunc.ServeHTTP(0x4, {0x45444f8, 0xc0001c21c0}, 0x48b6a68)
	/usr/local/Cellar/go/1.17/libexec/src/net/http/server.go:2046 +0x2f
net/http.(*ServeMux).ServeHTTP(0x0, {0x45444f8, 0xc0001c21c0}, 0xc000210100)
	/usr/local/Cellar/go/1.17/libexec/src/net/http/server.go:2424 +0x149
net/http.serverHandler.ServeHTTP({0xc000078960}, {0x45444f8, 0xc0001c21c0}, 0xc000210100)
	/usr/local/Cellar/go/1.17/libexec/src/net/http/server.go:2878 +0x43b
net/http.(*conn).serve(0xc0002420a0, {0x4545dc0, 0xc00009b530})
	/usr/local/Cellar/go/1.17/libexec/src/net/http/server.go:1929 +0xb08
created by net/http.(*Server).Serve
	/usr/local/Cellar/go/1.17/libexec/src/net/http/server.go:3033 +0x4e8
2022/07/09 12:21:40 server.go:3159: http: panic serving [::1]:64451: template: top.html:4: unexpected EOF
goroutine 11 [running]:
net/http.(*conn).serve.func1()
	/usr/local/Cellar/go/1.17/libexec/src/net/http/server.go:1801 +0xb9
panic({0x446c700, 0xc000099550})
	/usr/local/Cellar/go/1.17/libexec/src/runtime/panic.go:1047 +0x266
html/template.Must(...)
	/usr/local/Cellar/go/1.17/libexec/src/html/template/template.go:374
todo_app/app/controllers.generateHTML({0x45444f8, 0xc0001c22a0}, {0x445d180, 0x453a710}, {0xc000059a18, 0x2, 0xc0001c22e0})
	/Users/ishiwatahiroshishou/go/src/todo_app/app/controllers/server.go:16 +0xf9
todo_app/app/controllers.top({0x45444f8, 0xc0001c22a0}, 0x0)
	/Users/ishiwatahiroshishou/go/src/todo_app/app/controllers/route_main.go:9 +0x76
net/http.HandlerFunc.ServeHTTP(0x0, {0x45444f8, 0xc0001c22a0}, 0x0)
	/usr/local/Cellar/go/1.17/libexec/src/net/http/server.go:2046 +0x2f
net/http.(*ServeMux).ServeHTTP(0x0, {0x45444f8, 0xc0001c22a0}, 0xc000210300)
	/usr/local/Cellar/go/1.17/libexec/src/net/http/server.go:2424 +0x149
net/http.serverHandler.ServeHTTP({0xc000078a80}, {0x45444f8, 0xc0001c22a0}, 0xc000210300)
	/usr/local/Cellar/go/1.17/libexec/src/net/http/server.go:2878 +0x43b
net/http.(*conn).serve(0xc000242140, {0x4545dc0, 0xc00009b530})
	/usr/local/Cellar/go/1.17/libexec/src/net/http/server.go:1929 +0xb08
created by net/http.(*Server).Serve
	/usr/local/Cellar/go/1.17/libexec/src/net/http/server.go:3033 +0x4e8
2022/07/09 12:21:43 server.go:3159: http: panic serving [::1]:64452: template: top.html:4: unexpected EOF
goroutine 49 [running]:
net/http.(*conn).serve.func1()
	/usr/local/Cellar/go/1.17/libexec/src/net/http/server.go:1801 +0xb9
panic({0x446c700, 0xc0001a2690})
	/usr/local/Cellar/go/1.17/libexec/src/runtime/panic.go:1047 +0x266
html/template.Must(...)
	/usr/local/Cellar/go/1.17/libexec/src/html/template/template.go:374
todo_app/app/controllers.generateHTML({0x45444f8, 0xc0001c2460}, {0x445d180, 0x453a710}, {0xc00019ca18, 0x2, 0xc0001c24a0})
	/Users/ishiwatahiroshishou/go/src/todo_app/app/controllers/server.go:16 +0xf9
todo_app/app/controllers.top({0x45444f8, 0xc0001c2460}, 0x0)
	/Users/ishiwatahiroshishou/go/src/todo_app/app/controllers/route_main.go:9 +0x76
net/http.HandlerFunc.ServeHTTP(0x0, {0x45444f8, 0xc0001c2460}, 0x0)
	/usr/local/Cellar/go/1.17/libexec/src/net/http/server.go:2046 +0x2f
net/http.(*ServeMux).ServeHTTP(0x0, {0x45444f8, 0xc0001c2460}, 0xc0001a8300)
	/usr/local/Cellar/go/1.17/libexec/src/net/http/server.go:2424 +0x149
net/http.serverHandler.ServeHTTP({0xc0001858f0}, {0x45444f8, 0xc0001c2460}, 0xc0001a8300)
	/usr/local/Cellar/go/1.17/libexec/src/net/http/server.go:2878 +0x43b
net/http.(*conn).serve(0xc000188280, {0x4545dc0, 0xc00009b530})
	/usr/local/Cellar/go/1.17/libexec/src/net/http/server.go:1929 +0xb08
created by net/http.(*Server).Serve
	/usr/local/Cellar/go/1.17/libexec/src/net/http/server.go:3033 +0x4e8
2022/07/09 12:21:43 server.go:3159: http: panic serving [::1]:64453: template: top.html:4: unexpected EOF
goroutine 50 [running]:
net/http.(*conn).serve.func1()
	/usr/local/Cellar/go/1.17/libexec/src/net/http/server.go:1801 +0xb9
panic({0x446c700, 0xc000012430})
	/usr/local/Cellar/go/1.17/libexec/src/runtime/panic.go:1047 +0x266
html/template.Must(...)
	/usr/local/Cellar/go/1.17/libexec/src/html/template/template.go:374
todo_app/app/controllers.generateHTML({0x45444f8, 0xc00021c2a0}, {0x445d180, 0x453a710}, {0xc000057a18, 0x2, 0xc00021c2e0})
	/Users/ishiwatahiroshishou/go/src/todo_app/app/controllers/server.go:16 +0xf9
todo_app/app/controllers.top({0x45444f8, 0xc00021c2a0}, 0x0)
	/Users/ishiwatahiroshishou/go/src/todo_app/app/controllers/route_main.go:9 +0x76
net/http.HandlerFunc.ServeHTTP(0x0, {0x45444f8, 0xc00021c2a0}, 0x0)
	/usr/local/Cellar/go/1.17/libexec/src/net/http/server.go:2046 +0x2f
net/http.(*ServeMux).ServeHTTP(0x0, {0x45444f8, 0xc00021c2a0}, 0xc0001a8400)
	/usr/local/Cellar/go/1.17/libexec/src/net/http/server.go:2424 +0x149
net/http.serverHandler.ServeHTTP({0xc0001859b0}, {0x45444f8, 0xc00021c2a0}, 0xc0001a8400)
	/usr/local/Cellar/go/1.17/libexec/src/net/http/server.go:2878 +0x43b
net/http.(*conn).serve(0xc000188320, {0x4545dc0, 0xc00009b530})
	/usr/local/Cellar/go/1.17/libexec/src/net/http/server.go:1929 +0xb08
created by net/http.(*Server).Serve
	/usr/local/Cellar/go/1.17/libexec/src/net/http/server.go:3033 +0x4e8
2022/07/09 12:21:43 server.go:3159: http: panic serving [::1]:64454: template: top.html:4: unexpected EOF
goroutine 53 [running]:
net/http.(*conn).serve.func1()
	/usr/local/Cellar/go/1.17/libexec/src/net/http/server.go:1801 +0xb9
panic({0x446c700, 0xc0000125a0})
	/usr/local/Cellar/go/1.17/libexec/src/runtime/panic.go:1047 +0x266
html/template.Must(...)
	/usr/local/Cellar/go/1.17/libexec/src/html/template/template.go:374
todo_app/app/controllers.generateHTML({0x45444f8, 0xc00021c460}, {0x445d180, 0x453a710}, {0xc00019da18, 0x2, 0xc00021c4a0})
	/Users/ishiwatahiroshishou/go/src/todo_app/app/controllers/server.go:16 +0xf9
todo_app/app/controllers.top({0x45444f8, 0xc00021c460}, 0x0)
	/Users/ishiwatahiroshishou/go/src/todo_app/app/controllers/route_main.go:9 +0x76
net/http.HandlerFunc.ServeHTTP(0x0, {0x45444f8, 0xc00021c460}, 0x0)
	/usr/local/Cellar/go/1.17/libexec/src/net/http/server.go:2046 +0x2f
net/http.(*ServeMux).ServeHTTP(0x0, {0x45444f8, 0xc00021c460}, 0xc0001a8500)
	/usr/local/Cellar/go/1.17/libexec/src/net/http/server.go:2424 +0x149
net/http.serverHandler.ServeHTTP({0xc000185cb0}, {0x45444f8, 0xc00021c460}, 0xc0001a8500)
	/usr/local/Cellar/go/1.17/libexec/src/net/http/server.go:2878 +0x43b
net/http.(*conn).serve(0xc0001883c0, {0x4545dc0, 0xc00009b530})
	/usr/local/Cellar/go/1.17/libexec/src/net/http/server.go:1929 +0xb08
created by net/http.(*Server).Serve
	/usr/local/Cellar/go/1.17/libexec/src/net/http/server.go:3033 +0x4e8
2022/07/09 12:21:44 server.go:3159: http: panic serving [::1]:64455: template: top.html:4: unexpected EOF
goroutine 67 [running]:
net/http.(*conn).serve.func1()
	/usr/local/Cellar/go/1.17/libexec/src/net/http/server.go:1801 +0xb9
panic({0x446c700, 0xc000099700})
	/usr/local/Cellar/go/1.17/libexec/src/runtime/panic.go:1047 +0x266
html/template.Must(...)
	/usr/local/Cellar/go/1.17/libexec/src/html/template/template.go:374
todo_app/app/controllers.generateHTML({0x45444f8, 0xc000110380}, {0x445d180, 0x453a710}, {0xc000057a18, 0x2, 0xc0001103c0})
	/Users/ishiwatahiroshishou/go/src/todo_app/app/controllers/server.go:16 +0xf9
todo_app/app/controllers.top({0x45444f8, 0xc000110380}, 0x0)
	/Users/ishiwatahiroshishou/go/src/todo_app/app/controllers/route_main.go:9 +0x76
net/http.HandlerFunc.ServeHTTP(0x0, {0x45444f8, 0xc000110380}, 0x0)
	/usr/local/Cellar/go/1.17/libexec/src/net/http/server.go:2046 +0x2f
net/http.(*ServeMux).ServeHTTP(0x0, {0x45444f8, 0xc000110380}, 0xc000108400)
	/usr/local/Cellar/go/1.17/libexec/src/net/http/server.go:2424 +0x149
net/http.serverHandler.ServeHTTP({0xc000141470}, {0x45444f8, 0xc000110380}, 0xc000108400)
	/usr/local/Cellar/go/1.17/libexec/src/net/http/server.go:2878 +0x43b
net/http.(*conn).serve(0xc0000b74a0, {0x4545dc0, 0xc00009b530})
	/usr/local/Cellar/go/1.17/libexec/src/net/http/server.go:1929 +0xb08
created by net/http.(*Server).Serve
	/usr/local/Cellar/go/1.17/libexec/src/net/http/server.go:3033 +0x4e8
2022/07/09 12:21:44 server.go:3159: http: panic serving [::1]:64456: template: top.html:4: unexpected EOF
goroutine 83 [running]:
net/http.(*conn).serve.func1()
	/usr/local/Cellar/go/1.17/libexec/src/net/http/server.go:1801 +0xb9
panic({0x446c700, 0xc0001a27c0})
	/usr/local/Cellar/go/1.17/libexec/src/runtime/panic.go:1047 +0x266
html/template.Must(...)
	/usr/local/Cellar/go/1.17/libexec/src/html/template/template.go:374
todo_app/app/controllers.generateHTML({0x45444f8, 0xc00021c540}, {0x445d180, 0x453a710}, {0xc00019da18, 0x2, 0xc00021c580})
	/Users/ishiwatahiroshishou/go/src/todo_app/app/controllers/server.go:16 +0xf9
todo_app/app/controllers.top({0x45444f8, 0xc00021c540}, 0x0)
	/Users/ishiwatahiroshishou/go/src/todo_app/app/controllers/route_main.go:9 +0x76
net/http.HandlerFunc.ServeHTTP(0x0, {0x45444f8, 0xc00021c540}, 0x0)
	/usr/local/Cellar/go/1.17/libexec/src/net/http/server.go:2046 +0x2f
net/http.(*ServeMux).ServeHTTP(0x0, {0x45444f8, 0xc00021c540}, 0xc000210400)
	/usr/local/Cellar/go/1.17/libexec/src/net/http/server.go:2424 +0x149
net/http.serverHandler.ServeHTTP({0xc0000798f0}, {0x45444f8, 0xc00021c540}, 0xc000210400)
	/usr/local/Cellar/go/1.17/libexec/src/net/http/server.go:2878 +0x43b
net/http.(*conn).serve(0xc0002421e0, {0x4545dc0, 0xc00009b530})
	/usr/local/Cellar/go/1.17/libexec/src/net/http/server.go:1929 +0xb08
created by net/http.(*Server).Serve
	/usr/local/Cellar/go/1.17/libexec/src/net/http/server.go:3033 +0x4e8
2022/07/09 12:21:44 server.go:3159: http: panic serving [::1]:64457: template: top.html:4: unexpected EOF
goroutine 85 [running]:
net/http.(*conn).serve.func1()
	/usr/local/Cellar/go/1.17/libexec/src/net/http/server.go:1801 +0xb9
panic({0x446c700, 0xc000012780})
	/usr/local/Cellar/go/1.17/libexec/src/runtime/panic.go:1047 +0x266
html/template.Must(...)
	/usr/local/Cellar/go/1.17/libexec/src/html/template/template.go:374
todo_app/app/controllers.generateHTML({0x45444f8, 0xc00021c620}, {0x445d180, 0x453a710}, {0xc00019ca18, 0x2, 0xc00021c660})
	/Users/ishiwatahiroshishou/go/src/todo_app/app/controllers/server.go:16 +0xf9
todo_app/app/controllers.top({0x45444f8, 0xc00021c620}, 0x0)
	/Users/ishiwatahiroshishou/go/src/todo_app/app/controllers/route_main.go:9 +0x76
net/http.HandlerFunc.ServeHTTP(0x0, {0x45444f8, 0xc00021c620}, 0x0)
	/usr/local/Cellar/go/1.17/libexec/src/net/http/server.go:2046 +0x2f
net/http.(*ServeMux).ServeHTTP(0x0, {0x45444f8, 0xc00021c620}, 0xc000210500)
	/usr/local/Cellar/go/1.17/libexec/src/net/http/server.go:2424 +0x149
net/http.serverHandler.ServeHTTP({0xc000079a40}, {0x45444f8, 0xc00021c620}, 0xc000210500)
	/usr/local/Cellar/go/1.17/libexec/src/net/http/server.go:2878 +0x43b
net/http.(*conn).serve(0xc000242280, {0x4545dc0, 0xc00009b530})
	/usr/local/Cellar/go/1.17/libexec/src/net/http/server.go:1929 +0xb08
created by net/http.(*Server).Serve
	/usr/local/Cellar/go/1.17/libexec/src/net/http/server.go:3033 +0x4e8
2022/07/09 12:21:45 server.go:3159: http: panic serving [::1]:64458: template: top.html:4: unexpected EOF
goroutine 71 [running]:
net/http.(*conn).serve.func1()
	/usr/local/Cellar/go/1.17/libexec/src/net/http/server.go:1801 +0xb9
panic({0x446c700, 0xc0000128f0})
	/usr/local/Cellar/go/1.17/libexec/src/runtime/panic.go:1047 +0x266
html/template.Must(...)
	/usr/local/Cellar/go/1.17/libexec/src/html/template/template.go:374
todo_app/app/controllers.generateHTML({0x45444f8, 0xc00021c700}, {0x445d180, 0x453a710}, {0xc000052a18, 0x2, 0xc00021c740})
	/Users/ishiwatahiroshishou/go/src/todo_app/app/controllers/server.go:16 +0xf9
todo_app/app/controllers.top({0x45444f8, 0xc00021c700}, 0x0)
	/Users/ishiwatahiroshishou/go/src/todo_app/app/controllers/route_main.go:9 +0x76
net/http.HandlerFunc.ServeHTTP(0x0, {0x45444f8, 0xc00021c700}, 0x0)
	/usr/local/Cellar/go/1.17/libexec/src/net/http/server.go:2046 +0x2f
net/http.(*ServeMux).ServeHTTP(0x0, {0x45444f8, 0xc00021c700}, 0xc000108600)
	/usr/local/Cellar/go/1.17/libexec/src/net/http/server.go:2424 +0x149
net/http.serverHandler.ServeHTTP({0xc000141bf0}, {0x45444f8, 0xc00021c700}, 0xc000108600)
	/usr/local/Cellar/go/1.17/libexec/src/net/http/server.go:2878 +0x43b
net/http.(*conn).serve(0xc0000b7540, {0x4545dc0, 0xc00009b530})
	/usr/local/Cellar/go/1.17/libexec/src/net/http/server.go:1929 +0xb08
created by net/http.(*Server).Serve
	/usr/local/Cellar/go/1.17/libexec/src/net/http/server.go:3033 +0x4e8
2022/07/09 12:21:45 server.go:3159: http: panic serving [::1]:64459: template: top.html:4: unexpected EOF
goroutine 72 [running]:
net/http.(*conn).serve.func1()
	/usr/local/Cellar/go/1.17/libexec/src/net/http/server.go:1801 +0xb9
panic({0x446c700, 0xc0001a2930})
	/usr/local/Cellar/go/1.17/libexec/src/runtime/panic.go:1047 +0x266
html/template.Must(...)
	/usr/local/Cellar/go/1.17/libexec/src/html/template/template.go:374
todo_app/app/controllers.generateHTML({0x45444f8, 0xc0001c2540}, {0x445d180, 0x453a710}, {0xc000057a18, 0x2, 0xc0001c2580})
	/Users/ishiwatahiroshishou/go/src/todo_app/app/controllers/server.go:16 +0xf9
todo_app/app/controllers.top({0x45444f8, 0xc0001c2540}, 0x0)
	/Users/ishiwatahiroshishou/go/src/todo_app/app/controllers/route_main.go:9 +0x76
net/http.HandlerFunc.ServeHTTP(0x4, {0x45444f8, 0xc0001c2540}, 0x48b6a68)
	/usr/local/Cellar/go/1.17/libexec/src/net/http/server.go:2046 +0x2f
net/http.(*ServeMux).ServeHTTP(0x0, {0x45444f8, 0xc0001c2540}, 0xc000108500)
	/usr/local/Cellar/go/1.17/libexec/src/net/http/server.go:2424 +0x149
net/http.serverHandler.ServeHTTP({0xc000141b90}, {0x45444f8, 0xc0001c2540}, 0xc000108500)
	/usr/local/Cellar/go/1.17/libexec/src/net/http/server.go:2878 +0x43b
net/http.(*conn).serve(0xc0000b75e0, {0x4545dc0, 0xc00009b530})
	/usr/local/Cellar/go/1.17/libexec/src/net/http/server.go:1929 +0xb08
created by net/http.(*Server).Serve
	/usr/local/Cellar/go/1.17/libexec/src/net/http/server.go:3033 +0x4e8
2022/07/09 12:21:45 server.go:3159: http: panic serving [::1]:64460: template: top.html:4: unexpected EOF
goroutine 73 [running]:
net/http.(*conn).serve.func1()
	/usr/local/Cellar/go/1.17/libexec/src/net/http/server.go:1801 +0xb9
panic({0x446c700, 0xc0001a2aa0})
	/usr/local/Cellar/go/1.17/libexec/src/runtime/panic.go:1047 +0x266
html/template.Must(...)
	/usr/local/Cellar/go/1.17/libexec/src/html/template/template.go:374
todo_app/app/controllers.generateHTML({0x45444f8, 0xc0001c2620}, {0x445d180, 0x453a710}, {0xc000053a18, 0x2, 0xc0001c2660})
	/Users/ishiwatahiroshishou/go/src/todo_app/app/controllers/server.go:16 +0xf9
todo_app/app/controllers.top({0x45444f8, 0xc0001c2620}, 0x0)
	/Users/ishiwatahiroshishou/go/src/todo_app/app/controllers/route_main.go:9 +0x76
net/http.HandlerFunc.ServeHTTP(0x0, {0x45444f8, 0xc0001c2620}, 0x0)
	/usr/local/Cellar/go/1.17/libexec/src/net/http/server.go:2046 +0x2f
net/http.(*ServeMux).ServeHTTP(0x0, {0x45444f8, 0xc0001c2620}, 0xc000108700)
	/usr/local/Cellar/go/1.17/libexec/src/net/http/server.go:2424 +0x149
net/http.serverHandler.ServeHTTP({0xc000141cb0}, {0x45444f8, 0xc0001c2620}, 0xc000108700)
	/usr/local/Cellar/go/1.17/libexec/src/net/http/server.go:2878 +0x43b
net/http.(*conn).serve(0xc0000b7680, {0x4545dc0, 0xc00009b530})
	/usr/local/Cellar/go/1.17/libexec/src/net/http/server.go:1929 +0xb08
created by net/http.(*Server).Serve
	/usr/local/Cellar/go/1.17/libexec/src/net/http/server.go:3033 +0x4e8
2022/07/09 12:21:50 server.go:3159: http: panic serving [::1]:64461: template: top.html:4: unexpected EOF
goroutine 92 [running]:
net/http.(*conn).serve.func1()
	/usr/local/Cellar/go/1.17/libexec/src/net/http/server.go:1801 +0xb9
panic({0x446c700, 0xc0000129f0})
	/usr/local/Cellar/go/1.17/libexec/src/runtime/panic.go:1047 +0x266
html/template.Must(...)
	/usr/local/Cellar/go/1.17/libexec/src/html/template/template.go:374
todo_app/app/controllers.generateHTML({0x45444f8, 0xc00021c7e0}, {0x445d180, 0x453a710}, {0xc000052a18, 0x2, 0xc00021c820})
	/Users/ishiwatahiroshishou/go/src/todo_app/app/controllers/server.go:16 +0xf9
todo_app/app/controllers.top({0x45444f8, 0xc00021c7e0}, 0x0)
	/Users/ishiwatahiroshishou/go/src/todo_app/app/controllers/route_main.go:9 +0x76
net/http.HandlerFunc.ServeHTTP(0x0, {0x45444f8, 0xc00021c7e0}, 0x0)
	/usr/local/Cellar/go/1.17/libexec/src/net/http/server.go:2046 +0x2f
net/http.(*ServeMux).ServeHTTP(0x0, {0x45444f8, 0xc00021c7e0}, 0xc000210600)
	/usr/local/Cellar/go/1.17/libexec/src/net/http/server.go:2424 +0x149
net/http.serverHandler.ServeHTTP({0xc00026a720}, {0x45444f8, 0xc00021c7e0}, 0xc000210600)
	/usr/local/Cellar/go/1.17/libexec/src/net/http/server.go:2878 +0x43b
net/http.(*conn).serve(0xc000242320, {0x4545dc0, 0xc00009b530})
	/usr/local/Cellar/go/1.17/libexec/src/net/http/server.go:1929 +0xb08
created by net/http.(*Server).Serve
	/usr/local/Cellar/go/1.17/libexec/src/net/http/server.go:3033 +0x4e8
2022/07/09 12:21:50 server.go:3159: http: panic serving [::1]:64462: template: top.html:4: unexpected EOF
goroutine 62 [running]:
net/http.(*conn).serve.func1()
	/usr/local/Cellar/go/1.17/libexec/src/net/http/server.go:1801 +0xb9
panic({0x446c700, 0xc0001a2bd0})
	/usr/local/Cellar/go/1.17/libexec/src/runtime/panic.go:1047 +0x266
html/template.Must(...)
	/usr/local/Cellar/go/1.17/libexec/src/html/template/template.go:374
todo_app/app/controllers.generateHTML({0x45444f8, 0xc000110460}, {0x445d180, 0x453a710}, {0xc000053a18, 0x2, 0xc0001104a0})
	/Users/ishiwatahiroshishou/go/src/todo_app/app/controllers/server.go:16 +0xf9
todo_app/app/controllers.top({0x45444f8, 0xc000110460}, 0x0)
	/Users/ishiwatahiroshishou/go/src/todo_app/app/controllers/route_main.go:9 +0x76
net/http.HandlerFunc.ServeHTTP(0x0, {0x45444f8, 0xc000110460}, 0x0)
	/usr/local/Cellar/go/1.17/libexec/src/net/http/server.go:2046 +0x2f
net/http.(*ServeMux).ServeHTTP(0x0, {0x45444f8, 0xc000110460}, 0xc0001a8600)
	/usr/local/Cellar/go/1.17/libexec/src/net/http/server.go:2424 +0x149
net/http.serverHandler.ServeHTTP({0xc0002c2f00}, {0x45444f8, 0xc000110460}, 0xc0001a8600)
	/usr/local/Cellar/go/1.17/libexec/src/net/http/server.go:2878 +0x43b
net/http.(*conn).serve(0xc000188460, {0x4545dc0, 0xc00009b530})
	/usr/local/Cellar/go/1.17/libexec/src/net/http/server.go:1929 +0xb08
created by net/http.(*Server).Serve
	/usr/local/Cellar/go/1.17/libexec/src/net/http/server.go:3033 +0x4e8
2022/07/09 12:21:50 server.go:3159: http: panic serving [::1]:64463: template: top.html:4: unexpected EOF
goroutine 76 [running]:
net/http.(*conn).serve.func1()
	/usr/local/Cellar/go/1.17/libexec/src/net/http/server.go:1801 +0xb9
panic({0x446c700, 0xc0001a2d40})
	/usr/local/Cellar/go/1.17/libexec/src/runtime/panic.go:1047 +0x266
html/template.Must(...)
	/usr/local/Cellar/go/1.17/libexec/src/html/template/template.go:374
todo_app/app/controllers.generateHTML({0x45444f8, 0xc0001c2700}, {0x445d180, 0x453a710}, {0xc000052a18, 0x2, 0xc0001c2740})
	/Users/ishiwatahiroshishou/go/src/todo_app/app/controllers/server.go:16 +0xf9
todo_app/app/controllers.top({0x45444f8, 0xc0001c2700}, 0x0)
	/Users/ishiwatahiroshishou/go/src/todo_app/app/controllers/route_main.go:9 +0x76
net/http.HandlerFunc.ServeHTTP(0x0, {0x45444f8, 0xc0001c2700}, 0x0)
	/usr/local/Cellar/go/1.17/libexec/src/net/http/server.go:2046 +0x2f
net/http.(*ServeMux).ServeHTTP(0x0, {0x45444f8, 0xc0001c2700}, 0xc000108800)
	/usr/local/Cellar/go/1.17/libexec/src/net/http/server.go:2424 +0x149
net/http.serverHandler.ServeHTTP({0xc0003061e0}, {0x45444f8, 0xc0001c2700}, 0xc000108800)
	/usr/local/Cellar/go/1.17/libexec/src/net/http/server.go:2878 +0x43b
net/http.(*conn).serve(0xc0000b7720, {0x4545dc0, 0xc00009b530})
	/usr/local/Cellar/go/1.17/libexec/src/net/http/server.go:1929 +0xb08
created by net/http.(*Server).Serve
	/usr/local/Cellar/go/1.17/libexec/src/net/http/server.go:3033 +0x4e8
